<?xml version="1.0" encoding="utf-8"?><testsuite errors="0" failures="0" name="sphinx-gallery" skipped="0" tests="1" time="58.46732306480408"><testcase classname="tutorial_qcbm" file="demonstrations/tutorial_qcbm.py" line="1" name="QCBM with Tensor Networks Ansatz" time="58.46732306480408"></testcase></testsuite>